<?xml version="1.0" encoding="UTF-8"?>
<testng-results ignored="0" total="1" passed="1" failed="0" skipped="0">
  <reporter-output>
  </reporter-output>
  <suite started-at="2024-07-23T14:14:57 IST" name="Default suite" finished-at="2024-07-23T14:15:14 IST" duration-ms="16261">
    <groups>
    </groups>
    <test started-at="2024-07-23T14:14:57 IST" name="Default test" finished-at="2024-07-23T14:15:14 IST" duration-ms="16261">
      <class name="TestCases.LoginTestCases">
        <test-method is-config="true" signature="fetchURL()[pri:0, instance:TestCases.LoginTestCases@41fbdac4]" started-at="2024-07-23T14:14:57 IST" name="fetchURL" finished-at="2024-07-23T14:15:06 IST" duration-ms="8468" status="PASS">
          <reporter-output>
          </reporter-output>
        </test-method> <!-- fetchURL -->
        <test-method signature="VerifyWithValidData()[pri:0, instance:TestCases.LoginTestCases@41fbdac4]" started-at="2024-07-23T14:15:06 IST" name="VerifyWithValidData" finished-at="2024-07-23T14:15:14 IST" duration-ms="7707" status="PASS">
          <reporter-output>
          </reporter-output>
        </test-method> <!-- VerifyWithValidData -->
      </class> <!-- TestCases.LoginTestCases -->
    </test> <!-- Default test -->
  </suite> <!-- Default suite -->
</testng-results>
