<?xml version="1.0" encoding="UTF-8"?>
<testng-results ignored="0" total="1" passed="1" failed="0" skipped="0">
  <reporter-output>
  </reporter-output>
  <suite started-at="2024-07-26T12:45:17 IST" name="Suite" finished-at="2024-07-26T12:45:58 IST" duration-ms="41314">
    <groups>
    </groups>
    <test started-at="2024-07-26T12:45:17 IST" name="Test" finished-at="2024-07-26T12:45:58 IST" duration-ms="41314">
      <class name="TestCases.LoginTestCases">
        <test-method is-config="true" signature="fetchURL()[pri:0, instance:TestCases.LoginTestCases@3427b02d]" started-at="2024-07-26T12:45:17 IST" name="fetchURL" finished-at="2024-07-26T12:45:38 IST" duration-ms="21098" status="PASS">
          <reporter-output>
          </reporter-output>
        </test-method> <!-- fetchURL -->
        <test-method signature="VerifyWithValidData()[pri:0, instance:TestCases.LoginTestCases@3427b02d]" started-at="2024-07-26T12:45:38 IST" name="VerifyWithValidData" finished-at="2024-07-26T12:45:58 IST" duration-ms="20152" status="PASS">
          <reporter-output>
          </reporter-output>
        </test-method> <!-- VerifyWithValidData -->
      </class> <!-- TestCases.LoginTestCases -->
    </test> <!-- Test -->
  </suite> <!-- Suite -->
</testng-results>
